

*******************************************************************************
Tue Jun 14 16:54:28 2022


FIT:    data read from "rm.txt" using 1:2
        format = x:z
        #datapoints = 499
        residuals are weighted equally (unit weight)

function used for fitting: t(x)
	t(n) = b + c
fitted parameters initialized with current variable values

iter      chisq       delta/lim  lambda   b             c            
   0 1.9959998030e+03   0.00e+00  1.00e+00    1.000000e+00   1.000000e+00
   4 3.0986050902e-13  -6.52e-10  1.00e-04    4.935070e-08   4.935070e-08

After 4 iterations the fit converged.
final sum of squares of residuals : 3.09861e-13
rel. change during last iteration : -6.5174e-15

degrees of freedom    (FIT_NDF)                        : 497
rms of residuals      (FIT_STDFIT) = sqrt(WSSR/ndf)    : 2.49692e-08
variance of residuals (reduced chisquare) = WSSR/ndf   : 6.23462e-16

Final set of parameters            Asymptotic Standard Error
=======================            ==========================
b               = 4.93507e-08      +/- 2.855e+05    (5.785e+14%)
c               = 4.93507e-08      +/- 2.855e+05    (5.785e+14%)

correlation matrix of the fit parameters:
                b      c      
b               1.000 
c              -1.000  1.000 
