

*******************************************************************************
Tue Jun 14 16:49:02 2022


FIT:    data read from "ins.txt" using 1:2
        format = x:z
        #datapoints = 200
        residuals are weighted equally (unit weight)

function used for fitting: t(x)
	t(n) = b * n + c
fitted parameters initialized with current variable values

iter      chisq       delta/lim  lambda   b             c            
   0 6.7690197120e+09   0.00e+00  4.11e+03    1.000000e+00   1.000000e+00
   7 2.7632261605e-06  -1.52e-03  4.11e-04    4.420342e-08  -5.460727e-05

After 7 iterations the fit converged.
final sum of squares of residuals : 2.76323e-06
rel. change during last iteration : -1.5194e-08

degrees of freedom    (FIT_NDF)                        : 198
rms of residuals      (FIT_STDFIT) = sqrt(WSSR/ndf)    : 0.000118134
variance of residuals (reduced chisquare) = WSSR/ndf   : 1.39557e-08

Final set of parameters            Asymptotic Standard Error
=======================            ==========================
b               = 4.42034e-08      +/- 2.894e-09    (6.547%)
c               = -5.46073e-05     +/- 1.683e-05    (30.83%)

correlation matrix of the fit parameters:
                b      c      
b               1.000 
c              -0.868  1.000 
